INFO: Running with entropic power schedule (0xFF, 100).
INFO: Seed: 4285853061
INFO: Loaded 1 modules   (156112 inline 8-bit counters): 156112 [0x5579c5e269e0, 0x5579c5e4cbb0), 
INFO: Loaded 1 PC tables (156112 PCs): 156112 [0x5579c5e4cbb0,0x5579c60ae8b0), 
INFO:        0 files found in /data/home/ximon/src/dnst/fuzz/corpus/nsec3-hash
INFO: -max_len is not provided; libFuzzer will not generate inputs larger than 4096 bytes
INFO: A corpus is not provided, starting from an empty corpus
#2	INITED exec/s: 0 rss: 39Mb
WARNING: no interesting inputs were found so far. Is the code instrumented for coverage?
This may also happen if the target rejected all inputs we tried so far
thread '<unnamed>' panicked at /data/home/ximon/src/dnst/src/commands/nsec3hash.rs:163:9:
should not be called with an unsupported algorithm
note: run with `RUST_BACKTRACE=1` environment variable to display a backtrace
==283400== ERROR: libFuzzer: deadly signal
    #0 0x5579c549a051 in __sanitizer_print_stack_trace /rustc/llvm/src/llvm-project/compiler-rt/lib/asan/asan_stack.cpp:87:3
    #1 0x5579c5cab92a in fuzzer::PrintStackTrace() /home/ximon/.cargo/registry/src/index.crates.io-6f17d22bba15001f/libfuzzer-sys-0.4.7/libfuzzer/FuzzerUtil.cpp:210:38
    #2 0x5579c5c5ad65 in fuzzer::Fuzzer::CrashCallback() /home/ximon/.cargo/registry/src/index.crates.io-6f17d22bba15001f/libfuzzer-sys-0.4.7/libfuzzer/FuzzerLoop.cpp:233:18
    #3 0x5579c5c5ad65 in fuzzer::Fuzzer::CrashCallback() /home/ximon/.cargo/registry/src/index.crates.io-6f17d22bba15001f/libfuzzer-sys-0.4.7/libfuzzer/FuzzerLoop.cpp:228:6
    #4 0x7fef8d5b3dcf  (/lib64/libc.so.6+0x19dcf) (BuildId: 948d229348b56bdcf4e0a96d5ccd8fb175f617f0)
    #5 0x7fef8d60c723 in __pthread_kill_implementation (/lib64/libc.so.6+0x72723) (BuildId: 948d229348b56bdcf4e0a96d5ccd8fb175f617f0)
    #6 0x7fef8d5b3d1d in gsignal (/lib64/libc.so.6+0x19d1d) (BuildId: 948d229348b56bdcf4e0a96d5ccd8fb175f617f0)
    #7 0x7fef8d59b941 in abort (/lib64/libc.so.6+0x1941) (BuildId: 948d229348b56bdcf4e0a96d5ccd8fb175f617f0)
    #8 0x5579c5d26689 in std::sys::pal::unix::abort_internal::hdaf86772a1cef655 /rustc/bc5cf994db9fb46712cefd89f78ad7fc51f184a2/library/std/src/sys/pal/unix/mod.rs:373:14
    #9 0x5579c5d16c29 in std::process::abort::he3497009690de696 /rustc/bc5cf994db9fb46712cefd89f78ad7fc51f184a2/library/std/src/process.rs:2374:5
    #10 0x5579c5c53ce4 in libfuzzer_sys::initialize::_$u7b$$u7b$closure$u7d$$u7d$::hf2894e1cc730e6f2 /home/ximon/.cargo/registry/src/index.crates.io-6f17d22bba15001f/libfuzzer-sys-0.4.7/src/lib.rs:91:9
    #11 0x5579c5d1b757 in _$LT$alloc..boxed..Box$LT$F$C$A$GT$$u20$as$u20$core..ops..function..Fn$LT$Args$GT$$GT$::call::h064387ca800e4443 /rustc/bc5cf994db9fb46712cefd89f78ad7fc51f184a2/library/alloc/src/boxed.rs:1981:9
    #12 0x5579c5d1b757 in std::panicking::rust_panic_with_hook::h0d54adfe474bcf89 /rustc/bc5cf994db9fb46712cefd89f78ad7fc51f184a2/library/std/src/panicking.rs:809:13
    #13 0x5579c5d1b4e5 in std::panicking::begin_panic_handler::_$u7b$$u7b$closure$u7d$$u7d$::h2299ba4f19c41831 /rustc/bc5cf994db9fb46712cefd89f78ad7fc51f184a2/library/std/src/panicking.rs:667:13
    #14 0x5579c5d19048 in std::sys::backtrace::__rust_end_short_backtrace::h0b6f5a727883f447 /rustc/bc5cf994db9fb46712cefd89f78ad7fc51f184a2/library/std/src/sys/backtrace.rs:170:18
    #15 0x5579c5d1b1ab in rust_begin_unwind /rustc/bc5cf994db9fb46712cefd89f78ad7fc51f184a2/library/std/src/panicking.rs:665:5
    #16 0x5579c5d6513f in core::panicking::panic_fmt::hde3e02c671c994c5 /rustc/bc5cf994db9fb46712cefd89f78ad7fc51f184a2/library/core/src/panicking.rs:75:14
    #17 0x5579c55658f7 in dnst::commands::nsec3hash::nsec3_hash::h8b11d0394bef53a1 /data/home/ximon/src/dnst/src/commands/nsec3hash.rs:163:9
    #18 0x5579c55646e0 in dnst::commands::nsec3hash::Nsec3Hash::execute::he84a19f04233b56c /data/home/ximon/src/dnst/src/commands/nsec3hash.rs:133:20
    #19 0x5579c54dbb7e in nsec3_hash::_::__libfuzzer_sys_run::h53e0b4b2540b58df /data/home/ximon/src/dnst/fuzz/fuzz_targets/nsec3-hash.rs:8:13
    #20 0x5579c54db539 in rust_fuzzer_test_input /home/ximon/.cargo/registry/src/index.crates.io-6f17d22bba15001f/libfuzzer-sys-0.4.7/src/lib.rs:297:60
    #21 0x5579c5c4d2ff in libfuzzer_sys::test_input_wrap::_$u7b$$u7b$closure$u7d$$u7d$::h6ab9c5fe8a493588 /home/ximon/.cargo/registry/src/index.crates.io-6f17d22bba15001f/libfuzzer-sys-0.4.7/src/lib.rs:61:9
    #22 0x5579c5c4d2ff in std::panicking::try::do_call::hbdfc007927b474d2 /home/ximon/.rustup/toolchains/nightly-x86_64-unknown-linux-gnu/lib/rustlib/src/rust/library/std/src/panicking.rs:557:40
    #23 0x5579c5c53ef8 in __rust_try libfuzzer_sys.44345fc2b3749988-cgu.0
    #24 0x5579c5c5347b in std::panicking::try::hcef786c653e1a6b4 /home/ximon/.rustup/toolchains/nightly-x86_64-unknown-linux-gnu/lib/rustlib/src/rust/library/std/src/panicking.rs:520:19
    #25 0x5579c5c5347b in std::panic::catch_unwind::ha012cdd8408087c3 /home/ximon/.rustup/toolchains/nightly-x86_64-unknown-linux-gnu/lib/rustlib/src/rust/library/std/src/panic.rs:358:14
    #26 0x5579c5c5347b in LLVMFuzzerTestOneInput /home/ximon/.cargo/registry/src/index.crates.io-6f17d22bba15001f/libfuzzer-sys-0.4.7/src/lib.rs:59:22
    #27 0x5579c5c5b2a9 in fuzzer::Fuzzer::ExecuteCallback(unsigned char const*, unsigned long) /home/ximon/.cargo/registry/src/index.crates.io-6f17d22bba15001f/libfuzzer-sys-0.4.7/libfuzzer/FuzzerLoop.cpp:612:15
    #28 0x5579c5c61e5f in fuzzer::Fuzzer::RunOne(unsigned char const*, unsigned long, bool, fuzzer::InputInfo*, bool, bool*) /home/ximon/.cargo/registry/src/index.crates.io-6f17d22bba15001f/libfuzzer-sys-0.4.7/libfuzzer/FuzzerLoop.cpp:514:22
    #29 0x5579c5c62d3a in fuzzer::Fuzzer::MutateAndTestOne() /home/ximon/.cargo/registry/src/index.crates.io-6f17d22bba15001f/libfuzzer-sys-0.4.7/libfuzzer/FuzzerLoop.cpp:758:25
    #30 0x5579c5c64117 in fuzzer::Fuzzer::Loop(std::vector<fuzzer::SizedFile, std::allocator<fuzzer::SizedFile>>&) /home/ximon/.cargo/registry/src/index.crates.io-6f17d22bba15001f/libfuzzer-sys-0.4.7/libfuzzer/FuzzerLoop.cpp:903:21
    #31 0x5579c5c79a22 in fuzzer::FuzzerDriver(int*, char***, int (*)(unsigned char const*, unsigned long)) /home/ximon/.cargo/registry/src/index.crates.io-6f17d22bba15001f/libfuzzer-sys-0.4.7/libfuzzer/FuzzerDriver.cpp:912:10
    #32 0x5579c5c8fdf2 in main /home/ximon/.cargo/registry/src/index.crates.io-6f17d22bba15001f/libfuzzer-sys-0.4.7/libfuzzer/FuzzerMain.cpp:20:30
    #33 0x7fef8d59d247 in __libc_start_call_main (/lib64/libc.so.6+0x3247) (BuildId: 948d229348b56bdcf4e0a96d5ccd8fb175f617f0)
    #34 0x7fef8d59d30a in __libc_start_main@GLIBC_2.2.5 (/lib64/libc.so.6+0x330a) (BuildId: 948d229348b56bdcf4e0a96d5ccd8fb175f617f0)
    #35 0x5579c53f2664 in _start (/data/home/ximon/src/dnst/fuzz/target/x86_64-unknown-linux-gnu/release/nsec3-hash+0x631664) (BuildId: f20ddf594e7103f54a22fc263a633decb4717dac)

NOTE: libFuzzer has rudimentary signal handlers.
      Combine libFuzzer with AddressSanitizer or similar for better crash reports.
SUMMARY: libFuzzer: deadly signal
MS: 4 InsertByte-ChangeBinInt-ChangeBit-InsertByte-; base unit: adc83b19e793491b1c6ea0fd8b46cd9f32e592fc
0x29,0xa,0x14,
)\012\024
artifact_prefix='/data/home/ximon/src/dnst/fuzz/artifacts/nsec3-hash/'; Test unit written to /data/home/ximon/src/dnst/fuzz/artifacts/nsec3-hash/crash-94ff8218e755278c5cc0c158489ca5bf2b7b212b
Base64: KQoU
stat::number_of_executed_units: 31
stat::average_exec_per_sec:     0
stat::new_units_added:          0
stat::slowest_unit_time_sec:    0
stat::peak_rss_mb:              41
